\BOOKMARK [5][-]{section*.1}{}{}% 1
\BOOKMARK [5][-]{section*.2}{ \(\) }{}% 2
\BOOKMARK [5][-]{section*.3}{ \040\( \)}{}% 3
\BOOKMARK [5][-]{section*.4}{ }{}% 4
\BOOKMARK [5][-]{section*.5}{}{}% 5
\BOOKMARK [5][-]{section*.6}{}{}% 6
\BOOKMARK [5][-]{section*.7}{ }{}% 7
\BOOKMARK [5][-]{section*.8}{ \040\( \)}{}% 8
\BOOKMARK [5][-]{section*.9}{}{}% 9
\BOOKMARK [5][-]{section*.10}{}{}% 10
\BOOKMARK [5][-]{section*.11}{}{}% 11
\BOOKMARK [5][-]{section*.12}{ \040}{}% 12
\BOOKMARK [5][-]{section*.13}{ \040}{}% 13
\BOOKMARK [5][-]{section*.14}{ }{}% 14
\BOOKMARK [5][-]{section*.15}{ }{}% 15
\BOOKMARK [5][-]{section*.16}{ }{}% 16
\BOOKMARK [5][-]{section*.17}{ \040\( \)}{}% 17
\BOOKMARK [5][-]{section*.18}{ \040\( \)}{}% 18
\BOOKMARK [5][-]{section*.19}{}{}% 19
\BOOKMARK [5][-]{section*.20}{ }{}% 20
\BOOKMARK [5][-]{section*.21}{ \040 }{}% 21
\BOOKMARK [5][-]{section*.22}{ \0401- }{}% 22
\BOOKMARK [5][-]{section*.23}{ \0402- }{}% 23
\BOOKMARK [5][-]{section*.24}{ }{}% 24
\BOOKMARK [5][-]{section*.25}{ }{}% 25
\BOOKMARK [5][-]{section*.26}{ }{}% 26
